Flow report for FinalProject
Sat Dec 19 19:23:16 2020
Quartus Prime Version 18.1.0 Build 625 09/12/2018 SJ Lite Edition


---------------------
; Table of Contents ;
---------------------
  1. Legal Notice
  2. Flow Summary
  3. Flow Settings
  4. Flow Non-Default Global Settings
  5. Flow Elapsed Time
  6. Flow OS Summary
  7. Flow Log
  8. Flow Messages
  9. Flow Suppressed Messages



----------------
; Legal Notice ;
----------------
Copyright (C) 2018  Intel Corporation. All rights reserved.
Your use of Intel Corporation's design tools, logic functions 
and other software and tools, and its AMPP partner logic 
functions, and any output files from any of the foregoing 
(including device programming or simulation files), and any 
associated documentation or information are expressly subject 
to the terms and conditions of the Intel Program License 
Subscription Agreement, the Intel Quartus Prime License Agreement,
the Intel FPGA IP License Agreement, or other applicable license
agreement, including, without limitation, that your use is for
the sole purpose of programming logic devices manufactured by
Intel and sold by Intel or its authorized distributors.  Please
refer to the applicable agreement for further details.



+----------------------------------------------------------------------------------+
; Flow Summary                                                                     ;
+------------------------------------+---------------------------------------------+
; Flow Status                        ; Flow Failed - Sat Dec 19 19:23:16 2020      ;
; Quartus Prime Version              ; 18.1.0 Build 625 09/12/2018 SJ Lite Edition ;
; Revision Name                      ; FinalProject                                ;
; Top-level Entity Name              ; final_toplevel                              ;
; Family                             ; Cyclone IV E                                ;
; Total logic elements               ; 3,844 / 6,272 ( 61 % )                      ;
;     Total combinational functions  ; 2,889 / 6,272 ( 46 % )                      ;
;     Dedicated logic registers      ; 2,151 / 6,272 ( 34 % )                      ;
; Total registers                    ; 2151                                        ;
; Total pins                         ; 132 / 180 ( 73 % )                          ;
; Total virtual pins                 ; 0                                           ;
; Total memory bits                  ; 11,392 / 276,480 ( 4 % )                    ;
; Embedded Multiplier 9-bit elements ; 0 / 30 ( 0 % )                              ;
; Total PLLs                         ; 2 / 2 ( 100 % )                             ;
; Device                             ; EP4CE6F17C6                                 ;
; Timing Models                      ; Final                                       ;
+------------------------------------+---------------------------------------------+


+-----------------------------------------+
; Flow Settings                           ;
+-------------------+---------------------+
; Option            ; Setting             ;
+-------------------+---------------------+
; Start date & time ; 12/19/2020 19:22:15 ;
; Main task         ; Compilation         ;
; Revision Name     ; FinalProject        ;
+-------------------+---------------------+


+------------------------------------------------------------------------------------------------------------------------------------------------------+
; Flow Non-Default Global Settings                                                                                                                     ;
+-------------------------------------+-------------------------------------------------------------+---------------+-----------------+----------------+
; Assignment Name                     ; Value                                                       ; Default Value ; Entity Name     ; Section Id     ;
+-------------------------------------+-------------------------------------------------------------+---------------+-----------------+----------------+
; COMPILER_SIGNATURE_ID               ; 84585003301784.160837693400684                              ; --            ; --              ; --             ;
; EDA_OUTPUT_DATA_FORMAT              ; Systemverilog Hdl                                           ; --            ; --              ; eda_simulation ;
; EDA_SIMULATION_TOOL                 ; ModelSim-Altera (SystemVerilog)                             ; <None>        ; --              ; --             ;
; EDA_TIME_SCALE                      ; 1 ps                                                        ; --            ; --              ; eda_simulation ;
; MISC_FILE                           ; final_soc/synthesis/../final_soc.cmp                        ; --            ; --              ; --             ;
; MISC_FILE                           ; final_soc/synthesis/../../final_soc.qsys                    ; --            ; --              ; --             ;
; MISC_FILE                           ; vga_clk.ppf                                                 ; --            ; --              ; --             ;
; PARTITION_COLOR                     ; -- (Not supported for targeted family)                      ; --            ; DE2_115_Default ; Top            ;
; PARTITION_COLOR                     ; -- (Not supported for targeted family)                      ; --            ; final_toplevel  ; Top            ;
; PARTITION_COLOR                     ; -- (Not supported for targeted family)                      ; --            ; lab8            ; Top            ;
; PARTITION_FITTER_PRESERVATION_LEVEL ; -- (Not supported for targeted family)                      ; --            ; DE2_115_Default ; Top            ;
; PARTITION_FITTER_PRESERVATION_LEVEL ; -- (Not supported for targeted family)                      ; --            ; final_toplevel  ; Top            ;
; PARTITION_FITTER_PRESERVATION_LEVEL ; -- (Not supported for targeted family)                      ; --            ; lab8            ; Top            ;
; PARTITION_NETLIST_TYPE              ; -- (Not supported for targeted family)                      ; --            ; DE2_115_Default ; Top            ;
; PARTITION_NETLIST_TYPE              ; -- (Not supported for targeted family)                      ; --            ; final_toplevel  ; Top            ;
; PARTITION_NETLIST_TYPE              ; -- (Not supported for targeted family)                      ; --            ; lab8            ; Top            ;
; PROJECT_OUTPUT_DIRECTORY            ; output_files                                                ; --            ; --              ; --             ;
; SLD_FILE                            ; final_soc/synthesis/final_soc.regmap                        ; --            ; --              ; --             ;
; SLD_FILE                            ; final_soc/synthesis/final_soc.debuginfo                     ; --            ; --              ; --             ;
; SLD_INFO                            ; QSYS_NAME final_soc HAS_SOPCINFO 1 GENERATION_ID 1608376797 ; --            ; final_soc       ; --             ;
; SOPCINFO_FILE                       ; final_soc/synthesis/../../final_soc.sopcinfo                ; --            ; --              ; --             ;
; SYNTHESIS_ONLY_QIP                  ; On                                                          ; --            ; --              ; --             ;
; TOP_LEVEL_ENTITY                    ; final_toplevel                                              ; FinalProject  ; --              ; --             ;
+-------------------------------------+-------------------------------------------------------------+---------------+-----------------+----------------+


+--------------------------------------------------------------------------------------------------------------------------+
; Flow Elapsed Time                                                                                                        ;
+----------------------+--------------+-------------------------+---------------------+------------------------------------+
; Module Name          ; Elapsed Time ; Average Processors Used ; Peak Virtual Memory ; Total CPU Time (on all processors) ;
+----------------------+--------------+-------------------------+---------------------+------------------------------------+
; Analysis & Synthesis ; 00:00:51     ; 1.0                     ; 4987 MB             ; 00:01:04                           ;
; Fitter               ; 00:00:06     ; 1.0                     ; 4934 MB             ; 00:00:05                           ;
; Total                ; 00:00:57     ; --                      ; --                  ; 00:01:09                           ;
+----------------------+--------------+-------------------------+---------------------+------------------------------------+


+------------------------------------------------------------------------------------+
; Flow OS Summary                                                                    ;
+----------------------+------------------+------------+------------+----------------+
; Module Name          ; Machine Hostname ; OS Name    ; OS Version ; Processor type ;
+----------------------+------------------+------------+------------+----------------+
; Analysis & Synthesis ; LAPTOP-KENNYLI   ; Windows 10 ; 10.0       ; x86_64         ;
; Fitter               ; LAPTOP-KENNYLI   ; Windows 10 ; 10.0       ; x86_64         ;
+----------------------+------------------+------------+------------+----------------+


------------
; Flow Log ;
------------
quartus_map --read_settings_files=on --write_settings_files=off FinalProject -c FinalProject
quartus_fit --read_settings_files=off --write_settings_files=off FinalProject -c FinalProject



